Arguments: 
  C:\Program Files\nodejs\node.exe C:\Users\pierc\AppData\Local\node\corepack\yarn\1.22.19\bin\yarn.js

PATH: 
  C:\Program Files\WindowsApps\Microsoft.PowerShell_7.3.3.0_x64__8wekyb3d8bbwe;C:\Program Files\Common Files\Oracle\Java\javapath;C:\windows\system32;C:\windows;C:\windows\System32\Wbem;C:\windows\System32\WindowsPowerShell\v1.0\;C:\windows\System32\OpenSSH\;C:\Program Files (x86)\NVIDIA Corporation\PhysX\Common;C:\Program Files\NVIDIA Corporation\NVIDIA NvDLISR;C:\WINDOWS\system32;C:\WINDOWS;C:\WINDOWS\System32\Wbem;C:\WINDOWS\System32\WindowsPowerShell\v1.0\;C:\WINDOWS\System32\OpenSSH\;C:\Program Files\Microsoft VS Code\bin;C:\Program Files\Git\cmd;C:\Users\pierc\AppData\Roaming\nvm;C:\Program Files\nodejs;C:\Program Files\Docker\Docker\resources\bin;C:\Users\pierc\AppData\Local\Microsoft\WindowsApps;C:\src\flutter\bin\;C:\Program Files\Java\jdk-11.0.16.1;C:\Users\pierc\AppData\Local\Programs\oh-my-posh\bin

Yarn version: 
  1.22.19

Node version: 
  18.14.0

Platform: 
  win32 x64

Trace: 
  Error: ENOENT: no such file or directory, copyfile 'C:\Users\pierc\AppData\Local\Yarn\Cache\v6\npm-estraverse-4.3.0-398ad3f3c5a24948be7725e83d11a7de28cdbd1d-integrity\node_modules\estraverse\estraverse.js' -> 'C:\Programming\Next.js\Projects\imessage-clone\node_modules\@typescript-eslint\utils\node_modules\estraverse\estraverse.js'

npm manifest: 
  {
    "name": "imessage-clone",
    "version": "0.1.0",
    "main": "index.js",
    "private": true,
    "workspaces": [
      "api",
      "app"
    ],
    "scripts": {
      "app": "pnpm --filter app dev",
      "api": "pnpm --filter api dev",
      "comm": "sui-mono commit"
    },
    "keywords": [],
    "author": "",
    "license": "ISC",
    "devDependencies": {
      "@s-ui/mono": "2.34.0",
      "concurrently": "7.6.0",
      "husky": "8.0.3",
      "lint-staged": "13.2.0",
      "prisma": "4.11.0",
      "standard": "17.0.0",
      "ts-standard": "12.0.2",
      "typescript": "5.0.2"
    }
  }

yarn manifest: 
  No manifest

Lockfile: 
  No lockfile
